# JRE version: Java(TM) SE Runtime Environment (7.0_51-b13) (build 1.7.0_51-b13)
# Java VM: Java HotSpot(TM) 64-Bit Server VM (24.51-b03 mixed mode linux-amd64 compressed oops)
Heap
 PSYoungGen      total 313856K, used 5312K [0x00000000e1700000, 0x00000000f5000000, 0x0000000100000000)
  eden space 307200K, 0% used [0x00000000e1700000,0x00000000e1700000,0x00000000f4300000)
  from space 6656K, 79% used [0x00000000f4300000,0x00000000f4830220,0x00000000f4980000)
  to   space 6656K, 0% used [0x00000000f4980000,0x00000000f4980000,0x00000000f5000000)
 ParOldGen       total 62464K, used 14644K [0x00000000a4600000, 0x00000000a8300000, 0x00000000e1700000)
  object space 62464K, 23% used [0x00000000a4600000,0x00000000a544d110,0x00000000a8300000)
 PSPermGen       total 21504K, used 19691K [0x000000009f400000, 0x00000000a0900000, 0x00000000a4600000)
  object space 21504K, 91% used [0x000000009f400000,0x00000000a073af88,0x00000000a0900000)
GC Heap History (10 events):
Event: 4,853 GC heap after
Heap after GC invocations=6 (full 0):
 PSYoungGen      total 101376K, used 4686K [0x00000000e1700000, 0x00000000e7f00000, 0x0000000100000000)
  eden space 96256K, 0% used [0x00000000e1700000,0x00000000e1700000,0x00000000e7500000)
  from space 5120K, 91% used [0x00000000e7a00000,0x00000000e7e93b20,0x00000000e7f00000)
  to   space 5120K, 0% used [0x00000000e7500000,0x00000000e7500000,0x00000000e7a00000)
 ParOldGen       total 62464K, used 2106K [0x00000000a4600000, 0x00000000a8300000, 0x00000000e1700000)
  object space 62464K, 3% used [0x00000000a4600000,0x00000000a480e998,0x00000000a8300000)
 PSPermGen       total 21504K, used 13870K [0x000000009f400000, 0x00000000a0900000, 0x00000000a4600000)
  object space 21504K, 64% used [0x000000009f400000,0x00000000a018b9e0,0x00000000a0900000)
}
Event: 5,153 GC heap before
{Heap before GC invocations=7 (full 0):
 PSYoungGen      total 101376K, used 100942K [0x00000000e1700000, 0x00000000e7f00000, 0x0000000100000000)
  eden space 96256K, 100% used [0x00000000e1700000,0x00000000e7500000,0x00000000e7500000)
  from space 5120K, 91% used [0x00000000e7a00000,0x00000000e7e93b20,0x00000000e7f00000)
  to   space 5120K, 0% used [0x00000000e7500000,0x00000000e7500000,0x00000000e7a00000)
 ParOldGen       total 62464K, used 2106K [0x00000000a4600000, 0x00000000a8300000, 0x00000000e1700000)
  object space 62464K, 3% used [0x00000000a4600000,0x00000000a480e998,0x00000000a8300000)
 PSPermGen       total 21504K, used 14466K [0x000000009f400000, 0x00000000a0900000, 0x00000000a4600000)
  object space 21504K, 67% used [0x000000009f400000,0x00000000a0220920,0x00000000a0900000)
Event: 5,176 GC heap after
Heap after GC invocations=7 (full 0):
 PSYoungGen      total 101376K, used 3584K [0x00000000e1700000, 0x00000000edd00000, 0x0000000100000000)
  eden space 96256K, 0% used [0x00000000e1700000,0x00000000e1700000,0x00000000e7500000)
  from space 5120K, 70% used [0x00000000e7500000,0x00000000e7880000,0x00000000e7a00000)
  to   space 5120K, 0% used [0x00000000ed800000,0x00000000ed800000,0x00000000edd00000)
 ParOldGen       total 62464K, used 4363K [0x00000000a4600000, 0x00000000a8300000, 0x00000000e1700000)
  object space 62464K, 6% used [0x00000000a4600000,0x00000000a4a42cb0,0x00000000a8300000)
 PSPermGen       total 21504K, used 14466K [0x000000009f400000, 0x00000000a0900000, 0x00000000a4600000)
  object space 21504K, 67% used [0x000000009f400000,0x00000000a0220920,0x00000000a0900000)
}
Event: 5,446 GC heap before
{Heap before GC invocations=8 (full 0):
 PSYoungGen      total 101376K, used 99840K [0x00000000e1700000, 0x00000000edd00000, 0x0000000100000000)
  eden space 96256K, 100% used [0x00000000e1700000,0x00000000e7500000,0x00000000e7500000)
  from space 5120K, 70% used [0x00000000e7500000,0x00000000e7880000,0x00000000e7a00000)
  to   space 5120K, 0% used [0x00000000ed800000,0x00000000ed800000,0x00000000edd00000)
 ParOldGen       total 62464K, used 4363K [0x00000000a4600000, 0x00000000a8300000, 0x00000000e1700000)
  object space 62464K, 6% used [0x00000000a4600000,0x00000000a4a42cb0,0x00000000a8300000)
 PSPermGen       total 21504K, used 15161K [0x000000009f400000, 0x00000000a0900000, 0x00000000a4600000)
  object space 21504K, 70% used [0x000000009f400000,0x00000000a02ce5b0,0x00000000a0900000)
Event: 5,475 GC heap after
Heap after GC invocations=8 (full 0):
 PSYoungGen      total 197120K, used 4879K [0x00000000e1700000, 0x00000000ede00000, 0x0000000100000000)
  eden space 192000K, 0% used [0x00000000e1700000,0x00000000e1700000,0x00000000ed280000)
  from space 5120K, 95% used [0x00000000ed800000,0x00000000edcc3d40,0x00000000edd00000)
  to   space 5632K, 0% used [0x00000000ed280000,0x00000000ed280000,0x00000000ed800000)
 ParOldGen       total 62464K, used 5097K [0x00000000a4600000, 0x00000000a8300000, 0x00000000e1700000)
  object space 62464K, 8% used [0x00000000a4600000,0x00000000a4afa458,0x00000000a8300000)
 PSPermGen       total 21504K, used 15161K [0x000000009f400000, 0x00000000a0900000, 0x00000000a4600000)
  object space 21504K, 70% used [0x000000009f400000,0x00000000a02ce5b0,0x00000000a0900000)
}
Event: 5,941 GC heap before
{Heap before GC invocations=9 (full 0):
 PSYoungGen      total 197120K, used 196879K [0x00000000e1700000, 0x00000000ede00000, 0x0000000100000000)
  eden space 192000K, 100% used [0x00000000e1700000,0x00000000ed280000,0x00000000ed280000)
  from space 5120K, 95% used [0x00000000ed800000,0x00000000edcc3d40,0x00000000edd00000)
  to   space 5632K, 0% used [0x00000000ed280000,0x00000000ed280000,0x00000000ed800000)
 ParOldGen       total 62464K, used 5097K [0x00000000a4600000, 0x00000000a8300000, 0x00000000e1700000)
  object space 62464K, 8% used [0x00000000a4600000,0x00000000a4afa458,0x00000000a8300000)
 PSPermGen       total 21504K, used 15996K [0x000000009f400000, 0x00000000a0900000, 0x00000000a4600000)
  object space 21504K, 74% used [0x000000009f400000,0x00000000a039f1b8,0x00000000a0900000)
Event: 5,967 GC heap after
Heap after GC invocations=9 (full 0):
 PSYoungGen      total 197632K, used 5600K [0x00000000e1700000, 0x00000000f5000000, 0x0000000100000000)
  eden space 192000K, 0% used [0x00000000e1700000,0x00000000e1700000,0x00000000ed280000)
  from space 5632K, 99% used [0x00000000ed280000,0x00000000ed7f8020,0x00000000ed800000)
  to   space 6656K, 0% used [0x00000000f4980000,0x00000000f4980000,0x00000000f5000000)
 ParOldGen       total 62464K, used 6940K [0x00000000a4600000, 0x00000000a8300000, 0x00000000e1700000)
  object space 62464K, 11% used [0x00000000a4600000,0x00000000a4cc70d0,0x00000000a8300000)
 PSPermGen       total 21504K, used 15996K [0x000000009f400000, 0x00000000a0900000, 0x00000000a4600000)
  object space 21504K, 74% used [0x000000009f400000,0x00000000a039f1b8,0x00000000a0900000)
}
Event: 6,360 GC heap before
{Heap before GC invocations=10 (full 0):
 PSYoungGen      total 197632K, used 197600K [0x00000000e1700000, 0x00000000f5000000, 0x0000000100000000)
  eden space 192000K, 100% used [0x00000000e1700000,0x00000000ed280000,0x00000000ed280000)
  from space 5632K, 99% used [0x00000000ed280000,0x00000000ed7f8020,0x00000000ed800000)
  to   space 6656K, 0% used [0x00000000f4980000,0x00000000f4980000,0x00000000f5000000)
 ParOldGen       total 62464K, used 6940K [0x00000000a4600000, 0x00000000a8300000, 0x00000000e1700000)
  object space 62464K, 11% used [0x00000000a4600000,0x00000000a4cc70d0,0x00000000a8300000)
 PSPermGen       total 21504K, used 16008K [0x000000009f400000, 0x00000000a0900000, 0x00000000a4600000)
  object space 21504K, 74% used [0x000000009f400000,0x00000000a03a2358,0x00000000a0900000)
Event: 6,391 GC heap after
Heap after GC invocations=10 (full 0):
 PSYoungGen      total 313856K, used 4704K [0x00000000e1700000, 0x00000000f5000000, 0x0000000100000000)
  eden space 307200K, 0% used [0x00000000e1700000,0x00000000e1700000,0x00000000f4300000)
  from space 6656K, 70% used [0x00000000f4980000,0x00000000f4e18000,0x00000000f5000000)
  to   space 6656K, 0% used [0x00000000f4300000,0x00000000f4300000,0x00000000f4980000)
 ParOldGen       total 62464K, used 9980K [0x00000000a4600000, 0x00000000a8300000, 0x00000000e1700000)
  object space 62464K, 15% used [0x00000000a4600000,0x00000000a4fbf110,0x00000000a8300000)
 PSPermGen       total 21504K, used 16008K [0x000000009f400000, 0x00000000a0900000, 0x00000000a4600000)
  object space 21504K, 74% used [0x000000009f400000,0x00000000a03a2358,0x00000000a0900000)
}
Event: 107,638 GC heap before
{Heap before GC invocations=11 (full 0):
 PSYoungGen      total 313856K, used 311904K [0x00000000e1700000, 0x00000000f5000000, 0x0000000100000000)
  eden space 307200K, 100% used [0x00000000e1700000,0x00000000f4300000,0x00000000f4300000)
  from space 6656K, 70% used [0x00000000f4980000,0x00000000f4e18000,0x00000000f5000000)
  to   space 6656K, 0% used [0x00000000f4300000,0x00000000f4300000,0x00000000f4980000)
 ParOldGen       total 62464K, used 9980K [0x00000000a4600000, 0x00000000a8300000, 0x00000000e1700000)
  object space 62464K, 15% used [0x00000000a4600000,0x00000000a4fbf110,0x00000000a8300000)
 PSPermGen       total 21504K, used 19691K [0x000000009f400000, 0x00000000a0900000, 0x00000000a4600000)
  object space 21504K, 91% used [0x000000009f400000,0x00000000a073af88,0x00000000a0900000)

